0 info it worked if it ends with ok
1 verbose cli [ '/usr/bin/node', '/usr/bin/npm', 'install', '-g', 'hashids' ]
2 info using npm@1.2.25
3 info using node@v0.10.10
4 verbose node symlink /usr/bin/node
5 verbose read json /usr/lib/package.json
6 verbose read json /usr/lib/package.json
7 verbose cache add [ 'hashids', null ]
8 verbose cache add name=undefined spec="hashids" args=["hashids",null]
9 verbose parsed url { protocol: null,
9 verbose parsed url   slashes: null,
9 verbose parsed url   auth: null,
9 verbose parsed url   host: null,
9 verbose parsed url   port: null,
9 verbose parsed url   hostname: null,
9 verbose parsed url   hash: null,
9 verbose parsed url   search: null,
9 verbose parsed url   query: null,
9 verbose parsed url   pathname: 'hashids',
9 verbose parsed url   path: 'hashids',
9 verbose parsed url   href: 'hashids' }
10 silly lockFile 24402be9-hashids hashids
11 verbose lock hashids /home/meesayen/.npm/24402be9-hashids.lock
12 silly lockFile 24402be9-hashids hashids
13 silly lockFile 24402be9-hashids hashids
14 verbose addNamed [ 'hashids', '' ]
15 verbose addNamed [ null, '' ]
16 silly lockFile 179047e5-hashids hashids@
17 verbose lock hashids@ /home/meesayen/.npm/179047e5-hashids.lock
18 silly addNameRange { name: 'hashids', range: '', hasData: false }
19 verbose url raw hashids
20 verbose url resolving [ 'https://registry.npmjs.org/', './hashids' ]
21 verbose url resolved https://registry.npmjs.org/hashids
22 info trying registry request attempt 1 at 22:51:42
23 verbose etag "D2NG6A768PGYUYC4VTHXOITGT"
24 http GET https://registry.npmjs.org/hashids
25 http 304 https://registry.npmjs.org/hashids
26 silly registry.get cb [ 304,
26 silly registry.get   { server: 'CouchDB/1.3.0 (Erlang OTP/R15B03)',
26 silly registry.get     etag: '"D2NG6A768PGYUYC4VTHXOITGT"',
26 silly registry.get     date: 'Wed, 12 Jun 2013 20:51:44 GMT',
26 silly registry.get     'content-length': '0' } ]
27 verbose etag hashids from cache
28 silly addNameRange number 2 { name: 'hashids', range: '', hasData: true }
29 silly addNameRange versions [ 'hashids', [ '0.1.0', '0.1.1', '0.1.2', '0.1.3', '0.1.4' ] ]
30 verbose addNamed [ 'hashids', '0.1.4' ]
31 verbose addNamed [ '0.1.4', '0.1.4' ]
32 silly lockFile dda426bc-hashids-0-1-4 hashids@0.1.4
33 verbose lock hashids@0.1.4 /home/meesayen/.npm/dda426bc-hashids-0-1-4.lock
34 verbose read json /home/meesayen/.npm/hashids/0.1.4/package/package.json
35 silly lockFile dda426bc-hashids-0-1-4 hashids@0.1.4
36 silly lockFile dda426bc-hashids-0-1-4 hashids@0.1.4
37 silly lockFile 179047e5-hashids hashids@
38 silly lockFile 179047e5-hashids hashids@
39 silly resolved [ { author:
39 silly resolved      { name: 'Ivan Akimov',
39 silly resolved        email: 'ivan@grather.com',
39 silly resolved        url: 'https://twitter.com/ivanakimov' },
39 silly resolved     name: 'hashids',
39 silly resolved     description: 'A small Node.js class to generate YouTube-like hashes from one or many numbers. Use hashids when you do not want to expose your database ids to the user. ',
39 silly resolved     version: '0.1.4',
39 silly resolved     preferGlobal: true,
39 silly resolved     homepage: 'http://www.hashids.org/node-js/',
39 silly resolved     repository:
39 silly resolved      { type: 'git',
39 silly resolved        url: 'https://github.com/ivanakimov/hashids.node.js' },
39 silly resolved     main: 'index.js',
39 silly resolved     dependencies: {},
39 silly resolved     devDependencies: {},
39 silly resolved     optionalDependencies: {},
39 silly resolved     license: 'MIT',
39 silly resolved     keywords: [ 'hashids', 'hash', 'ids', 'youtube' ],
39 silly resolved     engines: { node: '*' },
39 silly resolved     readme: '\n# hashids\n\nA small Node.js class to generate YouTube-like hashes from one or many numbers. Use hashids when you do not want to expose your database ids to the user.\n\n[http://www.hashids.org/node-js/](http://www.hashids.org/node-js/)\n\n## What is it?\n\nhashids (Hash ID\'s) creates short, unique, decryptable hashes from unsigned integers.\n\nIt was designed for websites to use in URL shortening, tracking stuff, or making pages private (or at least unguessable).\n\nThis algorithm tries to satisfy the following requirements:\n\n1. Hashes must be unique and decryptable.\n2. They should be able to contain more than one integer (so you can use them in complex or clustered systems).\n3. You should be able to specify minimum hash length.\n4. Hashes should not contain basic English curse words (since they are meant to appear in public places - like the URL).\n\nInstead of showing items as `1`, `2`, or `3`, you could show them as `U6dc`, `u87U`, and `HMou`.\nYou don\'t have to store these hashes in the database, but can encrypt + decrypt on the fly.\n\nAll integers need to be greater than or equal to zero.\n\n## Installation\n\n1. Grab Node.js and install if you haven\'t already: [http://nodejs.org/download/](http://nodejs.org/download/)\n2. Install using npm:\n\t\n\t`npm install hashids`\n\t\n## Usage\n\n#### Encrypting one number\n\nYou can pass a unique salt value so your hashes differ from everyone else\'s. I use "**this is my salt**" as an example.\n\n```javascript\n\nvar Hashids = require("hashids"),\n\thashids = new Hashids("this is my salt");\n\nvar hash = hashids.encrypt(12345);\n```\n\n`hash` is now going to be:\n\t\n\tryBo\n\n#### Decrypting\n\nNotice during decryption, same salt value is used:\n\n```javascript\n\nvar Hashids = require("hashids"),\n\thashids = new Hashids("this is my salt");\n\nvar numbers = hashids.decrypt("ryBo");\n```\n\n`numbers` is now going to be:\n\t\n\t[ 12345 ]\n\n#### Decrypting with different salt\n\nDecryption will not work if salt is changed:\n\n```javascript\n\nvar Hashids = require("hashids"),\n\thashids = new Hashids("this is my pepper");\n\nvar numbers = hashids.decrypt("ryBo");\n```\n\n`numbers` is now going to be:\n\t\n\t[]\n\t\n#### Encrypting several numbers\n\n```javascript\n\nvar Hashids = require("hashids"),\n\thashids = new Hashids("this is my salt");\n\nvar hash = hashids.encrypt(683, 94108, 123, 5);\n```\n\n`hash` is now going to be:\n\t\n\tzBphL54nuMyu5\n\t\n#### Decrypting is done the same way\n\n```javascript\n\nvar Hashids = require("hashids"),\n\thashids = new Hashids("this is my salt");\n\nvar numbers = hashids.decrypt("zBphL54nuMyu5");\n```\n\n`numbers` is now going to be:\n\t\n\t[ 683, 94108, 123, 5 ]\n\t\n#### Encrypting and specifying minimum hash length\n\nHere we encrypt integer 1, and set the minimum hash length to **8** (by default it\'s **0** -- meaning hashes will be the shortest possible length).\n\n```javascript\n\nvar Hashids = require("hashids"),\n\thashids = new Hashids("this is my salt", 8);\n\nvar hash = hashids.encrypt(1);\n```\n\n`hash` is now going to be:\n\t\n\tb9iLXiAa\n\t\n#### Decrypting\n\n```javascript\n\nvar Hashids = require("hashids"),\n\thashids = new Hashids("this is my salt", 8);\n\nvar numbers = hashids.decrypt("b9iLXiAa");\n```\n\n`numbers` is now going to be:\n\t\n\t[ 1 ]\n\t\n#### Specifying custom hash alphabet\n\nHere we set the alphabet to consist of only four letters: "abcd"\n\n```javascript\n\nvar Hashids = require("hashids"),\n\thashids = new Hashids("this is my salt", 0, "abcd");\n\nvar hash = hashids.encrypt(1, 2, 3, 4, 5);\n```\n\n`hash` is now going to be:\n\t\n\tadcdacddcdaacdad\n\t\n## Randomness\n\nThe primary purpose of hashids is to obfuscate ids. It\'s not meant or tested to be used for security purposes or compression.\nHaving said that, this algorithm does try to make these hashes unguessable and unpredictable:\n\n#### Repeating numbers\n\n```javascript\n\nvar Hashids = require("hashids"),\n\thashids = new Hashids("this is my salt");\n\nvar hash = hashids.encrypt(5, 5, 5, 5);\n```\n\nYou don\'t see any repeating patterns that might show there\'s 4 identical numbers in the hash:\n\n\tGLh5SMs9\n\nSame with incremented numbers:\n\n```javascript\n\nvar Hashids = require("hashids"),\n\thashids = new Hashids("this is my salt");\n\nvar hash = hashids.encrypt(1, 2, 3, 4, 5, 6, 7, 8, 9, 10);\n```\n\n`hash` will be :\n\t\n\tzEUzfySGIpuyhpF6HaC7\n\t\n### Incrementing number hashes:\n\n```javascript\n\nvar Hashids = require("hashids"),\n\thashids = new Hashids("this is my salt");\n\nvar hash1 = hashids.encrypt(1), /* LX */\n\thash2 = hashids.encrypt(2), /* ed */\n\thash3 = hashids.encrypt(3), /* o9 */\n\thash4 = hashids.encrypt(4), /* 4n */\n\thash5 = hashids.encrypt(5); /* a5 */\n```\n\n## Speed\n\nEven though speed is an important factor of every hashing algorithm, primary goal here was encoding several numbers at once and making the hash unique and random.\n\nWith Node 0.8.8, on a *2.7 GHz Intel Core i7 with 16GB of RAM*, it takes roughly **0.08 seconds** to:\n\n1. Encrypt 1000 hashes consisting of 1 integer `hashids.encrypt(12);`\n2. And decrypt these 1000 hashes back into integers `hashids.decrypt(hash);` while ensuring they are valid\n\nIf we do the same with 3 integers, for example: `hashids.encrypt(10, 11, 12);`\n-- the number jumps up to **0.13 seconds** on the same machine.\n\n*Sidenote: The numbers tested with were relatively small -- if you increase them, the speed will obviously decrease.*\n\n#### What you could do to speed it up\n\nUsually people either encrypt or decrypt one hash per request, so the algorithm should already be fast enough for that.\nHowever, there are still several things you could do:\n\n1. If you are generating a lot of hashes at once, wrap this class in your own so you can cache hashes.\n2. Use [MongoDB](http://www.mongodb.org/) or [Redis](http://redis.io/).\n3. You could also decrease the length of your alphabet. Your hashes will become longer, but calculating them will be faster.\n\n## Bad hashes\n\nI wrote this class with the intent of placing these hashes in visible places - like the URL. If I create a unique hash for each user, it would be unfortunate if the hash ended up accidentally being a bad word. Imagine auto-creating a URL with hash for your user that looks like this - `http://example.com/user/a**hole`\n\nTherefore, this algorithm tries to avoid generating most common English curse words with the default alphabet. This is done by never placing the following letters next to each other:\n\t\n\tc, C, s, S, f, F, h, H, u, U, i, I, t, T\n\t\n## Changelog\n\n**0.1.4 - Current Stable**\n\n- Global var leak for hashSplit (thanks to [@BryanDonovan](https://github.com/BryanDonovan))\n- Class capitalization (thanks to [@BryanDonovan](https://github.com/BryanDonovan))\n\n**0.1.3**\n\n\tWarning: If you are using 0.1.2 or below, updating to this version will change your hashes.\n\n- Updated default alphabet (thanks to [@speps](https://github.com/speps))\n- Constructor removes duplicate characters for default alphabet as well (thanks to [@speps](https://github.com/speps))\n\n**0.1.2**\n\n\tWarning: If you are using 0.1.1 or below, updating to this version will change your hashes.\n\n- Minimum hash length can now be specified\n- Added more randomness to hashes\n- Added unit tests\n- Added example files\n- Changed warnings that can be thrown\n- Renamed `encode/decode` to `encrypt/decrypt`\n- Consistent shuffle does not depend on md5 anymore\n- Speed improvements\n\n**0.1.1**\n\n- Speed improvements\n- Bug fixes\n\n**0.1.0**\n\t\n- First commit\n\n## Contact\n\nFollow me [@IvanAkimov](http://twitter.com/ivanakimov)\n\nOr [http://ivanakimov.com](http://ivanakimov.com)\n\n## License\n\nMIT License. See the `LICENSE` file.',
39 silly resolved     readmeFilename: 'README.md',
39 silly resolved     bugs: { url: 'https://github.com/ivanakimov/hashids.node.js/issues' },
39 silly resolved     _id: 'hashids@0.1.4',
39 silly resolved     _from: 'hashids@' } ]
40 info install hashids@0.1.4 into /usr/lib
41 info installOne hashids@0.1.4
42 verbose from cache /home/meesayen/.npm/hashids/0.1.4/package/package.json
43 info /usr/lib/node_modules/hashids unbuild
44 verbose read json /usr/lib/node_modules/hashids/package.json
45 verbose tar unpack /home/meesayen/.npm/hashids/0.1.4/package.tgz
46 silly lockFile c73525e9-usr-lib-node-modules-hashids /usr/lib/node_modules/hashids
47 verbose lock /usr/lib/node_modules/hashids /home/meesayen/.npm/c73525e9-usr-lib-node-modules-hashids.lock
48 silly lockFile 973e6eb9-en-npm-hashids-0-1-4-package-tgz /home/meesayen/.npm/hashids/0.1.4/package.tgz
49 verbose lock /home/meesayen/.npm/hashids/0.1.4/package.tgz /home/meesayen/.npm/973e6eb9-en-npm-hashids-0-1-4-package-tgz.lock
50 silly gunzTarPerm modes [ '755', '644' ]
51 error Error: EACCES, mkdir '/usr/lib/node_modules/hashids'
51 error  { [Error: EACCES, mkdir '/usr/lib/node_modules/hashids']
51 error   errno: 3,
51 error   code: 'EACCES',
51 error   path: '/usr/lib/node_modules/hashids',
51 error   fstream_type: 'Directory',
51 error   fstream_path: '/usr/lib/node_modules/hashids',
51 error   fstream_class: 'DirWriter',
51 error   fstream_stack:
51 error    [ '/usr/lib/node_modules/npm/node_modules/fstream/lib/dir-writer.js:36:23',
51 error      '/usr/lib/node_modules/npm/node_modules/mkdirp/index.js:37:53',
51 error      'Object.oncomplete (fs.js:107:15)' ] }
52 error Please try running this command again as root/Administrator.
53 error System Linux 3.8.0-23-generic
54 error command "/usr/bin/node" "/usr/bin/npm" "install" "-g" "hashids"
55 error cwd /home/meesayen/workshop/all-in
56 error node -v v0.10.10
57 error npm -v 1.2.25
58 error path /usr/lib/node_modules/hashids
59 error fstream_path /usr/lib/node_modules/hashids
60 error fstream_type Directory
61 error fstream_class DirWriter
62 error code EACCES
63 error errno 3
64 error stack Error: EACCES, mkdir '/usr/lib/node_modules/hashids'
65 error fstream_stack /usr/lib/node_modules/npm/node_modules/fstream/lib/dir-writer.js:36:23
65 error fstream_stack /usr/lib/node_modules/npm/node_modules/mkdirp/index.js:37:53
65 error fstream_stack Object.oncomplete (fs.js:107:15)
66 verbose exit [ 3, true ]
